{
  "RSpec": {
    "coverage": {
      "/home/joseph/tic-tac-toe-rb-online-web-sp-000/lib/tic_tac_toe.rb": [
        1,
        5,
        5,
        5,
        5,
        5,
        null,
        null,
        1,
        9322,
        null,
        null,
        1,
        3,
        null,
        null,
        1,
        3,
        null,
        null,
        1,
        9340,
        null,
        null,
        1,
        9322,
        4,
        null,
        9318,
        null,
        null,
        null,
        1,
        4,
        null,
        null,
        1,
        9320,
        9319,
        9319,
        9319,
        3,
        3,
        null,
        9316,
        null,
        null,
        null,
        1,
        5,
        5,
        45,
        5,
        null,
        null,
        5,
        null,
        null,
        null,
        1,
        null,
        null,
        null,
        null,
        null,
        null,
        null,
        null,
        null,
        1,
        21,
        146,
        146,
        146,
        null,
        146,
        146,
        146,
        null,
        146,
        12,
        null,
        null,
        9,
        null,
        null,
        1,
        49,
        3,
        null,
        4,
        null,
        null,
        null,
        1,
        8,
        3,
        0,
        0,
        5,
        5,
        null,
        null,
        null,
        1,
        3,
        2,
        null,
        1,
        null,
        null,
        null,
        1,
        3,
        2,
        null,
        null,
        null,
        1,
        1,
        1,
        2,
        1,
        null,
        null
      ]
    },
    "timestamp": 1592180059
  }
}
